This is pdfTeX, Version 3.1415926-2.5-1.40.14 (TeX Live 2013/Debian) (format=pdftex 2014.6.10)  23 JUN 2014 20:54
entering extended mode
 restricted \write18 enabled.
 %&-line parsing enabled.
**lalejini_cv.tex
(./lalejini_cv.tex
! Undefined control sequence.
l.23 \documentclass
                   {resume} % Use the custom resume.cls style
? 
! Interruption.
<to be read again> 
                   {
l.23 \documentclass{
                    resume} % Use the custom resume.cls style
? ^^[
Type <return> to proceed, S to scroll future error messages,
R to run without stopping, Q to run quietly,
I to insert something, E to edit your file,
H for help, X to quit.
? x
No pages of output.
PDF statistics:
 0 PDF objects out of 1000 (max. 8388607)
 0 named destinations out of 1000 (max. 500000)
 1 words of extra memory for PDF output out of 10000 (max. 10000000)

